<?xml version="1.0" encoding="UTF-8"?>
<!-- Generated by org.testng.reporters.JUnitReportReporter -->
<testsuite hostname="DESKTOP-I0JRL68" failures="0" tests="2" name="nehaarora.MavenProjectJava.SeleniumTest" time="0.002" errors="0" timestamp="18 Jan 2022 15:34:55 GMT" skipped="0">
  <testcase classname="nehaarora.MavenProjectJava.SeleniumTest" name="BrowserAutomation" time="0.001"/>
  <testcase classname="nehaarora.MavenProjectJava.SeleniumTest" name="ElementsUI" time="0.001"/>
</testsuite> <!-- nehaarora.MavenProjectJava.SeleniumTest -->
