<?xml version="1.0" encoding="UTF-8"?>
<!-- Generated by org.testng.reporters.JUnitReportReporter -->
<testsuite hostname="DESKTOP-I0JRL68" failures="0" tests="2" name="nehaarora.MavenProjectJava.AppiumTest" time="0.014" errors="0" timestamp="18 Jan 2022 15:34:55 GMT" skipped="0">
  <testcase classname="nehaarora.MavenProjectJava.AppiumTest" name="IOSApps" time="0.014"/>
  <testcase classname="nehaarora.MavenProjectJava.AppiumTest" name="NativeAppAndroid" time="0.000"/>
</testsuite> <!-- nehaarora.MavenProjectJava.AppiumTest -->
